Using pre-set license
Built from '2021.3/staging' branch; Version is '2021.3.18f1 (3129e69bc0c7) revision 3221990'; Using compiler version '192829333'; Build Type 'Release'
OS: 'Windows 10  (10.0.19044) 64bit Core' Language: 'en' Physical Memory: 15716 MB
BatchMode: 1, IsHumanControllingUs: 0, StartBugReporterOnCrash: 0, Is64bit: 1, IsPro: 1

COMMAND LINE ARGUMENTS:
C:\Program Files\Unity\Hub\Editor\2021.3.18f1\Editor\Unity.exe
-adb2
-batchMode
-noUpm
-name
AssetImportWorker0
-projectPath
C:/Users/bramt/Documents/Git/BuggyMerger/Buggy-Merger
-logFile
Logs/AssetImportWorker0.log
-srvPort
56203
Successfully changed project path to: C:/Users/bramt/Documents/Git/BuggyMerger/Buggy-Merger
C:/Users/bramt/Documents/Git/BuggyMerger/Buggy-Merger
[UnityMemory] Configuration Parameters - Can be set up in boot.config
    "memorysetup-bucket-allocator-granularity=16"
    "memorysetup-bucket-allocator-bucket-count=8"
    "memorysetup-bucket-allocator-block-size=33554432"
    "memorysetup-bucket-allocator-block-count=8"
    "memorysetup-main-allocator-block-size=16777216"
    "memorysetup-thread-allocator-block-size=16777216"
    "memorysetup-gfx-main-allocator-block-size=16777216"
    "memorysetup-gfx-thread-allocator-block-size=16777216"
    "memorysetup-cache-allocator-block-size=4194304"
    "memorysetup-typetree-allocator-block-size=2097152"
    "memorysetup-profiler-bucket-allocator-granularity=16"
    "memorysetup-profiler-bucket-allocator-bucket-count=8"
    "memorysetup-profiler-bucket-allocator-block-size=33554432"
    "memorysetup-profiler-bucket-allocator-block-count=8"
    "memorysetup-profiler-allocator-block-size=16777216"
    "memorysetup-profiler-editor-allocator-block-size=1048576"
    "memorysetup-temp-allocator-size-main=16777216"
    "memorysetup-job-temp-allocator-block-size=2097152"
    "memorysetup-job-temp-allocator-block-size-background=1048576"
    "memorysetup-job-temp-allocator-reduction-small-platforms=262144"
    "memorysetup-temp-allocator-size-background-worker=32768"
    "memorysetup-temp-allocator-size-job-worker=262144"
    "memorysetup-temp-allocator-size-preload-manager=33554432"
    "memorysetup-temp-allocator-size-nav-mesh-worker=65536"
    "memorysetup-temp-allocator-size-audio-worker=65536"
    "memorysetup-temp-allocator-size-cloud-worker=32768"
    "memorysetup-temp-allocator-size-gi-baking-worker=262144"
    "memorysetup-temp-allocator-size-gfx=262144"
Player connection [31128] Host "[IP] 145.76.114.197 [Port] 0 [Flags] 2 [Guid] 926503623 [EditorId] 926503623 [Version] 1048832 [Id] WindowsEditor(7,LAPTOP-G7GPEOF0) [Debug] 1 [PackageName] WindowsEditor [ProjectName] Editor" joined multi-casting on [225.0.0.222:54997]...

Player connection [31128] Host "[IP] 145.76.114.197 [Port] 0 [Flags] 2 [Guid] 926503623 [EditorId] 926503623 [Version] 1048832 [Id] WindowsEditor(7,LAPTOP-G7GPEOF0) [Debug] 1 [PackageName] WindowsEditor [ProjectName] Editor" joined alternative multi-casting on [225.0.0.222:34997]...

Refreshing native plugins compatible for Editor in 80.50 ms, found 3 plugins.
Preloading 0 native plugins for Editor in 0.00 ms.
Initialize engine version: 2021.3.18f1 (3129e69bc0c7)
[Subsystems] Discovering subsystems at path C:/Program Files/Unity/Hub/Editor/2021.3.18f1/Editor/Data/Resources/UnitySubsystems
[Subsystems] Discovering subsystems at path C:/Users/bramt/Documents/Git/BuggyMerger/Buggy-Merger/Assets
GfxDevice: creating device client; threaded=0; jobified=0
Direct3D:
    Version:  Direct3D 11.0 [level 11.1]
    Renderer: Radeon RX 5500M (ID=0x7340)
    Vendor:   ATI
    VRAM:     4055 MB
    Driver:   30.0.14026.1
Initialize mono
Mono path[0] = 'C:/Program Files/Unity/Hub/Editor/2021.3.18f1/Editor/Data/Managed'
Mono path[1] = 'C:/Program Files/Unity/Hub/Editor/2021.3.18f1/Editor/Data/MonoBleedingEdge/lib/mono/unityjit-win32'
Mono config path = 'C:/Program Files/Unity/Hub/Editor/2021.3.18f1/Editor/Data/MonoBleedingEdge/etc'
Using monoOptions --debugger-agent=transport=dt_socket,embedding=1,server=y,suspend=n,address=127.0.0.1:56928
Begin MonoManager ReloadAssembly
Registering precompiled unity dll's ...
Register platform support module: C:/Program Files/Unity/Hub/Editor/2021.3.18f1/Editor/Data/PlaybackEngines/WindowsStandaloneSupport/UnityEditor.WindowsStandalone.Extensions.dll
Registered in 0.006655 seconds.
Native extension for WindowsStandalone target not found
Refreshing native plugins compatible for Editor in 66.63 ms, found 3 plugins.
Preloading 0 native plugins for Editor in 0.00 ms.
Mono: successfully reloaded assembly
- Completed reload, in  0.551 seconds
Domain Reload Profiling:
	ReloadAssembly (551ms)
		BeginReloadAssembly (70ms)
			ExecutionOrderSort (0ms)
			DisableScriptedObjects (0ms)
			BackupInstance (0ms)
			ReleaseScriptingObjects (0ms)
			CreateAndSetChildDomain (1ms)
		EndReloadAssembly (384ms)
			LoadAssemblies (67ms)
			RebuildTransferFunctionScriptingTraits (0ms)
			SetupTypeCache (79ms)
			ReleaseScriptCaches (0ms)
			RebuildScriptCaches (20ms)
			SetupLoadedEditorAssemblies (241ms)
				LogAssemblyErrors (0ms)
				InitializePlatformSupportModulesInManaged (7ms)
				SetLoadedEditorAssemblies (0ms)
				RefreshPlugins (67ms)
				BeforeProcessingInitializeOnLoad (1ms)
				ProcessInitializeOnLoadAttributes (126ms)
				ProcessInitializeOnLoadMethodAttributes (40ms)
				AfterProcessingInitializeOnLoad (0ms)
				EditorAssembliesLoaded (0ms)
			ExecutionOrderSort2 (0ms)
			AwakeInstancesAfterBackupRestoration (0ms)
Platform modules already initialized, skipping
Registering precompiled user dll's ...
Registered in 0.005282 seconds.
Begin MonoManager ReloadAssembly
Symbol file LoadedFromMemory doesn't match image C:\Users\bramt\Documents\Git\BuggyMerger\Buggy-Merger\Library\PackageCache\com.unity.visualscripting@1.8.0\Editor\VisualScripting.Core\Dependencies\YamlDotNet\Unity.VisualScripting.YamlDotNet.dll
Symbol file LoadedFromMemory doesn't match image C:\Users\bramt\Documents\Git\BuggyMerger\Buggy-Merger\Library\PackageCache\com.unity.visualscripting@1.8.0\Editor\VisualScripting.Core\Dependencies\DotNetZip\Unity.VisualScripting.IonicZip.dll
Native extension for WindowsStandalone target not found
Refreshing native plugins compatible for Editor in 0.58 ms, found 3 plugins.
Preloading 0 native plugins for Editor in 0.00 ms.
Mono: successfully reloaded assembly
- Completed reload, in  1.178 seconds
Domain Reload Profiling:
	ReloadAssembly (1179ms)
		BeginReloadAssembly (118ms)
			ExecutionOrderSort (0ms)
			DisableScriptedObjects (5ms)
			BackupInstance (0ms)
			ReleaseScriptingObjects (0ms)
			CreateAndSetChildDomain (22ms)
		EndReloadAssembly (942ms)
			LoadAssemblies (87ms)
			RebuildTransferFunctionScriptingTraits (0ms)
			SetupTypeCache (213ms)
			ReleaseScriptCaches (0ms)
			RebuildScriptCaches (43ms)
			SetupLoadedEditorAssemblies (573ms)
				LogAssemblyErrors (0ms)
				InitializePlatformSupportModulesInManaged (6ms)
				SetLoadedEditorAssemblies (0ms)
				RefreshPlugins (1ms)
				BeforeProcessingInitializeOnLoad (74ms)
				ProcessInitializeOnLoadAttributes (460ms)
				ProcessInitializeOnLoadMethodAttributes (21ms)
				AfterProcessingInitializeOnLoad (10ms)
				EditorAssembliesLoaded (0ms)
			ExecutionOrderSort2 (0ms)
			AwakeInstancesAfterBackupRestoration (6ms)
Platform modules already initialized, skipping
========================================================================
Worker process is ready to serve import requests
Launched and connected shader compiler UnityShaderCompiler.exe after 0.05 seconds
Refreshing native plugins compatible for Editor in 0.61 ms, found 3 plugins.
Preloading 0 native plugins for Editor in 0.00 ms.
Unloading 3251 Unused Serialized files (Serialized files now loaded: 0)
Unloading 39 unused Assets / (184.8 KB). Loaded Objects now: 3714.
Memory consumption went from 114.8 MB to 114.6 MB.
Total: 3.994900 ms (FindLiveObjects: 0.248300 ms CreateObjectMapping: 0.225000 ms MarkObjects: 3.369200 ms  DeleteObjects: 0.151500 ms)

AssetImportParameters requested are different than current active one (requested -> active):
  custom:video-decoder-ogg-theora: a1e56fd34408186e4bbccfd4996cb3dc -> 
  custom:container-muxer-webm: aa71ff27fc2769a1b78a27578f13a17b -> 
  custom:container-demuxer-webm: 4f35f7cbe854078d1ac9338744f61a02 -> 
  custom:video-encoder-webm-vp8: eb34c28f22e8b96e1ab97ce403110664 -> 
  custom:video-codec-MediaFoundation-h265: 746d11721c4dcdbdad8f713fa42b33f4 -> 
  custom:audio-encoder-webm-vorbis: bf7c407c2cedff20999df2af8eb42d56 -> 
  custom:framework-win-MediaFoundation: 216162199b28c13a410421893ffa2e32 -> 
  custom:container-demuxer-ogg: 62fdf1f143b41e24485cea50d1cbac27 -> 
  custom:video-decoder-webm-vp8: 9c59270c3fd7afecdb556c50c9e8de78 -> 
  custom:audio-decoder-ogg-vorbis: bf7c407c2cedff20999df2af8eb42d56 -> 
========================================================================
Received Import Request.
  Time since last request: 59820.273214 seconds.
  path: Assets/FPSepController/Prefabs/MObjects/Cannon.prefab
  artifactKey: Guid(69acee5b01b1ead498afbd952347a962) Importer(815301076,1909f56bfc062723c751e8b465ee728b)
Start importing Assets/FPSepController/Prefabs/MObjects/Cannon.prefab using Guid(69acee5b01b1ead498afbd952347a962) Importer(815301076,1909f56bfc062723c751e8b465ee728b)  -> (artifact id: '1347e4918d5d16ebab96754b45d458be') in 0.149229 seconds 
========================================================================
Received Import Request.
  Time since last request: 45.226825 seconds.
  path: Assets/FPSepController/Prefabs/MObjects/Cannon.prefab
  artifactKey: Guid(69acee5b01b1ead498afbd952347a962) Importer(815301076,1909f56bfc062723c751e8b465ee728b)
Start importing Assets/FPSepController/Prefabs/MObjects/Cannon.prefab using Guid(69acee5b01b1ead498afbd952347a962) Importer(815301076,1909f56bfc062723c751e8b465ee728b)  -> (artifact id: '71f1240bc49f0afbbf75356bf65cc4ba') in 0.012107 seconds 
========================================================================
Received Import Request.
  Time since last request: 43.799485 seconds.
  path: Assets/FPSepController/Prefabs/MObjects/Bullet.prefab
  artifactKey: Guid(8304cfd96f7044e4e92961f387a1dfdb) Importer(815301076,1909f56bfc062723c751e8b465ee728b)
Start importing Assets/FPSepController/Prefabs/MObjects/Bullet.prefab using Guid(8304cfd96f7044e4e92961f387a1dfdb) Importer(815301076,1909f56bfc062723c751e8b465ee728b)  -> (artifact id: '91a342850581e9e15ec4320491918b04') in 0.007330 seconds 
========================================================================
Received Import Request.
  Time since last request: 2.204691 seconds.
  path: Assets/FPSepController/Prefabs/MObjects/Cannon.prefab
  artifactKey: Guid(69acee5b01b1ead498afbd952347a962) Importer(815301076,1909f56bfc062723c751e8b465ee728b)
Start importing Assets/FPSepController/Prefabs/MObjects/Cannon.prefab using Guid(69acee5b01b1ead498afbd952347a962) Importer(815301076,1909f56bfc062723c751e8b465ee728b)  -> (artifact id: 'dbc97a2969870814a9de4f194f07ff4a') in 0.010839 seconds 
========================================================================
Received Import Request.
  Time since last request: 10.009143 seconds.
  path: Assets/FPSepController/ExampleScene/Models_FPSepControllerScene/AngleBox.obj
  artifactKey: Guid(2f5a2d6341431034399cc2bf0507c63a) Importer(815301076,1909f56bfc062723c751e8b465ee728b)
Start importing Assets/FPSepController/ExampleScene/Models_FPSepControllerScene/AngleBox.obj using Guid(2f5a2d6341431034399cc2bf0507c63a) Importer(815301076,1909f56bfc062723c751e8b465ee728b)  -> (artifact id: '4c2ab7b75f797b7784e3127d4a470f44') in 0.082916 seconds 
========================================================================
Received Import Request.
  Time since last request: 0.000024 seconds.
  path: Assets/FPSepController/ExampleScene/Models_FPSepControllerScene/TestingPlane.obj
  artifactKey: Guid(1097cfb027be6344a832729d5f18de57) Importer(815301076,1909f56bfc062723c751e8b465ee728b)
Start importing Assets/FPSepController/ExampleScene/Models_FPSepControllerScene/TestingPlane.obj using Guid(1097cfb027be6344a832729d5f18de57) Importer(815301076,1909f56bfc062723c751e8b465ee728b)  -> (artifact id: '480ac28184da8516413947110eb31192') in 0.033798 seconds 
========================================================================
Received Import Request.
  Time since last request: 0.000031 seconds.
  path: Assets/FPSepController/ExampleScene/Models_FPSepControllerScene/ThinBridge.obj
  artifactKey: Guid(2d5680b826be96c46ae8df639c3f68d6) Importer(815301076,1909f56bfc062723c751e8b465ee728b)
Start importing Assets/FPSepController/ExampleScene/Models_FPSepControllerScene/ThinBridge.obj using Guid(2d5680b826be96c46ae8df639c3f68d6) Importer(815301076,1909f56bfc062723c751e8b465ee728b)  -> (artifact id: '66cf352f6de3ffa7b7bb29a2cb8c32dc') in 0.027723 seconds 
========================================================================
Received Import Request.
  Time since last request: 0.000025 seconds.
  path: Assets/FPSepController/ExampleScene/Models_FPSepControllerScene/Box(2x.25x2).obj
  artifactKey: Guid(f37801bab9ae17f44a307a13928e4f0b) Importer(815301076,1909f56bfc062723c751e8b465ee728b)
Start importing Assets/FPSepController/ExampleScene/Models_FPSepControllerScene/Box(2x.25x2).obj using Guid(f37801bab9ae17f44a307a13928e4f0b) Importer(815301076,1909f56bfc062723c751e8b465ee728b)  -> (artifact id: '401ea6eda6f8f87797be335fce8d7774') in 0.028449 seconds 
========================================================================
Received Import Request.
  Time since last request: 0.000026 seconds.
  path: Assets/FPSepController/ExampleScene/Models_FPSepControllerScene/Box_(2x1x2).obj
  artifactKey: Guid(76a5bf40a77b8dc4f802797b28513a39) Importer(815301076,1909f56bfc062723c751e8b465ee728b)
Start importing Assets/FPSepController/ExampleScene/Models_FPSepControllerScene/Box_(2x1x2).obj using Guid(76a5bf40a77b8dc4f802797b28513a39) Importer(815301076,1909f56bfc062723c751e8b465ee728b)  -> (artifact id: 'b0d1ec7fd064dce580fad76107b4f133') in 0.029189 seconds 
Editor requested this worker to shutdown with reason: Scaling down because of idle timeout
AssetImportWorker is now disconnected from the server
Process exiting
Exiting without the bug reporter. Application will terminate with return code 0